<?xml version="1.0" encoding="UTF-8"?>
<!-- Generated by org.testng.reporters.JUnitReportReporter -->
<testsuite hostname="LokeshYadav" failures="0" tests="3" name="testMaven.ExecutionFirefox" time="36.261" errors="0" timestamp="2024-02-08T13:28:52 IST" skipped="0">
  <testcase classname="testMaven.ExecutionFirefox" name="launchUrl2" time="26.063"/>
  <testcase classname="testMaven.ExecutionFirefox" name="readExcel1" time="0.127"/>
  <testcase classname="testMaven.ExecutionFirefox" name="navigateToCustSummary1" time="10.071"/>
</testsuite> <!-- testMaven.ExecutionFirefox -->
